     1 00000000                                 ; aleph-os
     2 00000000                                 ; TAB=4
     3 00000000                                 main:
     4                                          		ORG     0x7c00
     5 00007C00 EB 4E                           		JMP     entry
     6 00007C02 90                              		DB		0x90
     7 00007C03 41 4C 45 50 48 49 50 4C         		DB		"ALEPHIPL"      ; 启动区名称（8B）
     8 00007C0B 0200                            		DW		512				; 扇区大小 const
     9 00007C0D 01                              		DB		1				; 簇的大小 const
    10 00007C0E 0001                            		DW		1				; fat起始位置 
    11 00007C10 02                              		DB		2				; fat的个数 cosnt
    12 00007C11 00E0                            		DW		224				; 根目录大小
    13 00007C13 0B40                            		DW      2880			; 磁盘大小 const
    14 00007C15 F0                              		DB		0xf0			; 磁盘的种类 const
    15 00007C16 0009                            		DW		9				; fat的长度 const
    16 00007C18 0012                            		DW		18				; 一个磁道有几个磁区 const
    17 00007C1A 0002                            		DW		2				; 磁头数 const
    18 00007C1C 00000000                        		DD		0				; cosnt
    19 00007C20 00000B40                        		DD		2880			; cosnt
    20 00007C24 00 00 29                        		DB      0,0,0x29		; const
    21 00007C27 FFFFFFFF                        		DD      0xffffffff		; const
    22 00007C2B 41 4C 45 50 48 2D 4F 53 20 20   		DB      "ALEPH-OS   "	; 磁盘名称（11B）
       00007C35 20 
    23 00007C36 46 41 54 31 32 20 20 20         		DB		"FAT12   "
    24 00007C3E 00 00 00 00 00 00 00 00 00 00   		RESB	18				
       00007C48 00 00 00 00 00 00 00 00 
    25 00007C50                                 
    26 00007C50                                 entry:
    27 00007C50 B8 0000                         		MOV     AX,0
    28 00007C53 8E D0                           		MOV     SS,AX
    29 00007C55 BC 7C00                         		MOV     SP,0x7c00
    30 00007C58 8E D8                           		MOV		DS,AX
    31 00007C5A B8 0820                         		MOV		AX,0x0820
    32 00007C5D 8E C0                           		MOV     ES,AX
    33 00007C5F B5 00                           		MOV		CH,0			; 柱面
    34 00007C61 B6 00                           		MOV		DH,0			; 磁头
    35 00007C63 B1 02                           		MOV		CL,2			; 扇区
    36 00007C65 B4 02                           		MOV		AH,0x02			; 0x02读盘 0x03写盘 0x04效验 0x0c寻道
    37 00007C67 B0 01                           		MOV		AL,1			; 1个扇区
    38 00007C69 BB 0000                         		MOV		BX,0			; 缓冲地址
    39 00007C6C B2 00                           		MOV		DL,0x00			; 驱动器号
    40 00007C6E CD 13                           		INT		0x13			; bios:磁盘 成功CF=0 失败CF=1错误码存在AH
    41 00007C70 72 00                           		JC		error			; if(CF==0)
    42 00007C72                                 
    43 00007C72                                 error:
    44 00007C72 BE 7C75                         		MOV		SI,msg
    45 00007C75                                 
    46 00007C75                                 msg:
    47 00007C75 0A 0A                           		DB      0x0a, 0x0a		; \n\n
    48 00007C77 65 72 72 6F 72                  		DB		"error" 
    49 00007C7C 0A                              		DB		0x0a			
    50 00007C7D 00                              		DB		0
    51 00007C7E 00 00 00 00 00 00 00 00 00 00   		RESB	0x7dfe-$    	; 写0x00到0x7dfe		
       00007C88 00 00 00 00 00 00 00 00 00 00 
       00007C92 00 00 00 00 00 00 00 00 00 00 
       00007C9C 00 00 00 00 00 00 00 00 00 00 
       00007CA6 00 00 00 00 00 00 00 00 00 00 
       00007CB0 00 00 00 00 00 00 00 00 00 00 
       00007CBA 00 00 00 00 00 00 00 00 00 00 
       00007CC4 00 00 00 00 00 00 00 00 00 00 
       00007CCE 00 00 00 00 00 00 00 00 00 00 
       00007CD8 00 00 00 00 00 00 00 00 00 00 
       00007CE2 00 00 00 00 00 00 00 00 00 00 
       00007CEC 00 00 00 00 00 00 00 00 00 00 
       00007CF6 00 00 00 00 00 00 00 00 00 00 
       00007D00 00 00 00 00 00 00 00 00 00 00 
       00007D0A 00 00 00 00 00 00 00 00 00 00 
       00007D14 00 00 00 00 00 00 00 00 00 00 
       00007D1E 00 00 00 00 00 00 00 00 00 00 
       00007D28 00 00 00 00 00 00 00 00 00 00 
       00007D32 00 00 00 00 00 00 00 00 00 00 
       00007D3C 00 00 00 00 00 00 00 00 00 00 
       00007D46 00 00 00 00 00 00 00 00 00 00 
       00007D50 00 00 00 00 00 00 00 00 00 00 
       00007D5A 00 00 00 00 00 00 00 00 00 00 
       00007D64 00 00 00 00 00 00 00 00 00 00 
       00007D6E 00 00 00 00 00 00 00 00 00 00 
       00007D78 00 00 00 00 00 00 00 00 00 00 
       00007D82 00 00 00 00 00 00 00 00 00 00 
       00007D8C 00 00 00 00 00 00 00 00 00 00 
       00007D96 00 00 00 00 00 00 00 00 00 00 
       00007DA0 00 00 00 00 00 00 00 00 00 00 
       00007DAA 00 00 00 00 00 00 00 00 00 00 
       00007DB4 00 00 00 00 00 00 00 00 00 00 
       00007DBE 00 00 00 00 00 00 00 00 00 00 
       00007DC8 00 00 00 00 00 00 00 00 00 00 
       00007DD2 00 00 00 00 00 00 00 00 00 00 
       00007DDC 00 00 00 00 00 00 00 00 00 00 
       00007DE6 00 00 00 00 00 00 00 00 00 00 
       00007DF0 00 00 00 00 00 00 00 00 00 00 
       00007DFA 00 00 00 00 
    52 00007DFE 55 AA                           		DB		0x55, 0xaa
    53 00007E00                                 
    54 00007E00                                 showloop:
    55 00007E00 8A 04                           		MOV     AL,BYTE[SI]
    56 00007E02 83 C6 01                        		ADD     SI,1
    57 00007E05 3C 00                           		CMP     AL,0
    58 00007E07 74 09                           		JE      fin
    59 00007E09 B4 0E                           		MOV     AH,0x0e     	; 显示一个文字
    60 00007E0B BB 000F                         		MOV     BX,15       	; 颜色
    61 00007E0E CD 10                           		INT     0x10        	; bios:显卡
    62 00007E10 EB EE                           		JMP     showloop
    63 00007E12                                 
    64 00007E12                                 fin:
    65 00007E12 F4                              		HLT
    66 00007E13 EB FD                           		JMP     fin
    67 00007E15                                 
    68 00007E15 E9 81E8                         JMP		main