     1 00000000                                 ; func.nas
     2 00000000                                 ; TAB=4
     3 00000000                                 
     4 00000000                                 [FORMAT "WCOFF"]							; 制作目标文件的模式
     5 00000000                                 [INSTRSET "i486p"]							; 486 32位寄存器
     6 00000000                                 [BITS 32]									; 32位
     7 00000000                                 
     8 00000000                                 ; 目标文件信息
     9 00000000                                 
    10 00000000                                 [FILE "func.nas"]							; 源文件名
    11 00000000                                 		GLOBAL	_io_hlt,_write_mem8			; 程序中包含的的函数
    12 00000000                                 
    13 00000000                                 ; 实际的函数
    14 00000000                                 
    15                                          [SECTION .text]								; 目标文件中写了这个以后再写程序
    16 00000000                                 
    17 00000000                                 _io_hlt:									; void io_hlt();
    18 00000000 F4                              		HLT
    19 00000001 C3                              		RET
    20 00000002                                 
    21 00000002                                 _write_mem8:								; void write_mem8(int addr,int data);
    22 00000002 8B 4C 24 04                     		MOV		ECX,[ESP+4]					; addr
    23 00000006 8A 44 24 08                     		MOV		AL,[ESP+8]					; data
    24 0000000A 88 01                           		MOV		[ECX],AL
    25 0000000C C3                              		RET