     1 00000000                                 ; aleph-ipl
     2 00000000                                 ; TAB=4
     3 00000000                                 
     4  = 0000000A                              CYLS	EQU		10					; #define CYLS 10//读取10个柱面
     5 00000000                                 
     6 00000000                                 main:
     7                                          		ORG		0x7c00
     8 00007C00 EB 4E                           		JMP		entry
     9 00007C02 90                              		DB		0x90
    10 00007C03 41 4C 45 50 48 49 50 4C         		DB		"ALEPHIPL"			; 启动区名称（8B）
    11 00007C0B 0200                            		DW		512					; 扇区大小 const
    12 00007C0D 01                              		DB		1					; 簇的大小 const
    13 00007C0E 0001                            		DW		1					; fat起始位置
    14 00007C10 02                              		DB		2					; fat的个数 cosnt
    15 00007C11 00E0                            		DW		224					; 根目录大小
    16 00007C13 0B40                            		DW		2880				; 磁盘大小 const
    17 00007C15 F0                              		DB		0xf0				; 磁盘的种类 const
    18 00007C16 0009                            		DW		9					; fat的长度 const
    19 00007C18 0012                            		DW		18					; 一个磁道有几个磁区 const
    20 00007C1A 0002                            		DW		2					; 磁头数 const
    21 00007C1C 00000000                        		DD		0					; cosnt
    22 00007C20 00000B40                        		DD		2880				; cosnt
    23 00007C24 00 00 29                        		DB		0,0,0x29			; const
    24 00007C27 FFFFFFFF                        		DD		0xffffffff			; const
    25 00007C2B 41 4C 45 50 48 2D 4F 53 20 20   		DB		"ALEPH-OS   "		; 磁盘名称（11B）
       00007C35 20 
    26 00007C36 46 41 54 31 32 20 20 20         		DB		"FAT12   "
    27 00007C3E 00 00 00 00 00 00 00 00 00 00   		RESB	18
       00007C48 00 00 00 00 00 00 00 00 
    28 00007C50                                 
    29 00007C50                                 entry:
    30 00007C50 B8 0000                         		MOV		AX,0
    31 00007C53 8E D0                           		MOV		SS,AX
    32 00007C55 BC 7C00                         		MOV		SP,0x7c00
    33 00007C58 8E D8                           		MOV		DS,AX
    34 00007C5A B8 0820                         		MOV		AX,0x0820
    35 00007C5D 8E C0                           		MOV		ES,AX
    36 00007C5F B5 00                           		MOV		CH,0				; 柱面
    37 00007C61 B6 00                           		MOV		DH,0				; 磁头
    38 00007C63 B1 02                           		MOV		CL,2				; 扇区
    39 00007C65                                 
    40 00007C65                                 readloop:
    41 00007C65 BE 0000                         		MOV		SI,0				; 记录读取尝试次数
    42 00007C68                                 
    43 00007C68                                 retry:
    44 00007C68 B4 02                           		MOV		AH,0x02				; 0x02读盘 0x03写盘 0x04效验 0x0c寻道
    45 00007C6A B0 01                           		MOV		AL,1				; 1个扇区
    46 00007C6C BB 0000                         		MOV		BX,0				; 缓冲地址
    47 00007C6F B2 00                           		MOV		DL,0x00				; 驱动器号
    48 00007C71 CD 13                           		INT		0x13				; bios:磁盘 成功CF=0 失败CF=1错误码存在AH
    49 00007C73 73 10                           		JNC		next				; if(CF=0)
    50 00007C75 83 C6 01                        		ADD		SI,1				; 增加尝试次数
    51 00007C78 83 FE 05                        		CMP		SI,5
    52 00007C7B 73 2E                           		JAE		error				; jump if above or equal
    53 00007C7D B4 00                           		MOV		AH,0x00
    54 00007C7F B2 00                           		MOV		DL,0x00
    55 00007C81 CD 13                           		INT		0x13				; 重置
    56 00007C83 EB E3                           		JMP		retry
    57 00007C85                                 
    58 00007C85                                 next:
    59 00007C85 8C C0                           		MOV		AX,ES
    60 00007C87 05 0020                         		ADD		AX,0x0020
    61 00007C8A 8E C0                           		MOV		ES,AX				; 将ES后移0x0020
    62 00007C8C 80 C1 01                        		ADD		CL,1				; 下一扇区
    63 00007C8F 80 F9 12                        		CMP		CL,18				; 读18个扇区
    64 00007C92 76 D1                           		JBE		readloop			; jump if below or equal
    65 00007C94 B1 01                           		MOV		CL,1
    66 00007C96 80 C6 01                        		ADD		DH,1				; 下一个磁头
    67 00007C99 80 FE 02                        		CMP		DH,2
    68 00007C9C 72 C7                           		JB		readloop			; jump if below
    69 00007C9E B6 00                           		MOV		DH,0
    70 00007CA0 80 C5 01                        		ADD		CH,1				; 下一个柱面
    71 00007CA3 80 FD 0A                        		CMP		CH,CYLS				; 读CYLS个柱面
    72 00007CA6 72 BD                           		JB		readloop
    73 00007CA8                                 
    74 00007CA8                                 fin:
    75 00007CA8 F4                              		HLT
    76 00007CA9 EB FD                           		JMP     fin
    77 00007CAB                                 
    78 00007CAB                                 error:
    79 00007CAB BE 7CC0                         		MOV		SI,msg
    80 00007CAE                                 
    81 00007CAE                                 showloop:
    82 00007CAE 8A 04                           		MOV		AL,BYTE[SI]
    83 00007CB0 83 C6 01                        		ADD		SI,1
    84 00007CB3 3C 00                           		CMP		AL,0
    85 00007CB5 74 F1                           		JE		fin
    86 00007CB7 B4 0E                           		MOV		AH,0x0e				; 显示一个文字
    87 00007CB9 BB 000F                         		MOV		BX,15				; 颜色
    88 00007CBC CD 10                           		INT		0x10				; bios:显卡
    89 00007CBE EB EE                           		JMP		showloop
    90 00007CC0                                 
    91 00007CC0                                 msg:
    92 00007CC0 0A 0A                           		DB		0x0a, 0x0a			; \n\n
    93 00007CC2 65 72 72 6F 72                  		DB		"error"
    94 00007CC7 0A                              		DB		0x0a
    95 00007CC8 00                              		DB		0
    96 00007CC9 00 00 00 00 00 00 00 00 00 00   		RESB	0x7dfe-$			; 写0x00到0x7dfe
       00007CD3 00 00 00 00 00 00 00 00 00 00 
       00007CDD 00 00 00 00 00 00 00 00 00 00 
       00007CE7 00 00 00 00 00 00 00 00 00 00 
       00007CF1 00 00 00 00 00 00 00 00 00 00 
       00007CFB 00 00 00 00 00 00 00 00 00 00 
       00007D05 00 00 00 00 00 00 00 00 00 00 
       00007D0F 00 00 00 00 00 00 00 00 00 00 
       00007D19 00 00 00 00 00 00 00 00 00 00 
       00007D23 00 00 00 00 00 00 00 00 00 00 
       00007D2D 00 00 00 00 00 00 00 00 00 00 
       00007D37 00 00 00 00 00 00 00 00 00 00 
       00007D41 00 00 00 00 00 00 00 00 00 00 
       00007D4B 00 00 00 00 00 00 00 00 00 00 
       00007D55 00 00 00 00 00 00 00 00 00 00 
       00007D5F 00 00 00 00 00 00 00 00 00 00 
       00007D69 00 00 00 00 00 00 00 00 00 00 
       00007D73 00 00 00 00 00 00 00 00 00 00 
       00007D7D 00 00 00 00 00 00 00 00 00 00 
       00007D87 00 00 00 00 00 00 00 00 00 00 
       00007D91 00 00 00 00 00 00 00 00 00 00 
       00007D9B 00 00 00 00 00 00 00 00 00 00 
       00007DA5 00 00 00 00 00 00 00 00 00 00 
       00007DAF 00 00 00 00 00 00 00 00 00 00 
       00007DB9 00 00 00 00 00 00 00 00 00 00 
       00007DC3 00 00 00 00 00 00 00 00 00 00 
       00007DCD 00 00 00 00 00 00 00 00 00 00 
       00007DD7 00 00 00 00 00 00 00 00 00 00 
       00007DE1 00 00 00 00 00 00 00 00 00 00 
       00007DEB 00 00 00 00 00 00 00 00 00 00 
       00007DF5 00 00 00 00 00 00 00 00 00 
    97 00007DFE 55 AA                           		DB		0x55, 0xaa
